\BOOKMARK [1][-]{section.1}{\376\377\000C\000o\000m\000p\000a\000r\000i\000n\000g\000\040\000R\000e\000t\000i\000r\000e\000m\000e\000n\000t\000\040\000W\000e\000a\000l\000t\000h\000\040\000T\000r\000a\000j\000e\000c\000t\000o\000r\000i\000e\000s\000\040\000o\000n\000\040\000B\000o\000t\000h\000\040\000S\000i\000d\000e\000s\000\040\000o\000f\000\040\000t\000h\000e\000\040\000P\000o\000n\000d}{}% 1
\BOOKMARK [2][-]{subsection.1.1}{\376\377\000I\000n\000t\000r\000o\000d\000u\000c\000t\000i\000o\000n}{section.1}% 2
\BOOKMARK [2][-]{subsection.1.2}{\376\377\000E\000m\000p\000i\000r\000i\000c\000a\000l\000\040\000f\000a\000c\000t\000s\000\040\000o\000n\000\040\000a\000s\000s\000e\000t\000\040\000d\000e\000c\000u\000m\000u\000l\000a\000t\000i\000o\000n}{section.1}% 3
\BOOKMARK [2][-]{subsection.1.3}{\376\377\000P\000o\000t\000e\000n\000t\000i\000a\000l\000\040\000e\000x\000p\000l\000a\000n\000a\000t\000i\000o\000n\000s\000\040\000o\000f\000\040\000c\000r\000o\000s\000s\000\040\000c\000o\000u\000n\000t\000r\000y\000\040\000d\000i\000f\000f\000e\000r\000e\000n\000c\000e\000s}{section.1}% 4
\BOOKMARK [2][-]{subsection.1.4}{\376\377\000C\000o\000n\000c\000l\000u\000s\000i\000o\000n\000s}{section.1}% 5
\BOOKMARK [1][-]{section.2}{\376\377\000S\000a\000v\000i\000n\000g\000s\000\040\000A\000f\000t\000e\000r\000\040\000R\000e\000t\000i\000r\000e\000m\000e\000n\000t\000:\000\040\000A\000\040\000S\000u\000r\000v\000e\000y}{}% 6
\BOOKMARK [2][-]{subsection.2.1}{\376\377\000I\000n\000t\000r\000o\000d\000u\000c\000t\000i\000o\000n}{section.2}% 7
\BOOKMARK [2][-]{subsection.2.2}{\376\377\000F\000a\000c\000t\000s\000\040\000a\000b\000o\000u\000t\000\040\000r\000e\000t\000i\000r\000e\000d\000\040\000h\000o\000u\000s\000e\000h\000o\000l\000d\000s}{section.2}% 8
\BOOKMARK [1][-]{section.3}{\376\377\000H\000O\000M\000E\000\040\000E\000Q\000U\000I\000T\000Y\000\040\000I\000N\000\040\000R\000E\000T\000I\000R\000E\000M\000E\000N\000T}{}% 9
\BOOKMARK [2][-]{subsection.3.1}{\376\377\000O\000v\000e\000r\000v\000i\000e\000w}{section.3}% 10
\BOOKMARK [1][-]{section.4}{\376\377\000T\000H\000E\000\040\000R\000E\000T\000I\000R\000E\000M\000E\000N\000T\000-\000S\000A\000V\000I\000N\000G\000S\000\040\000P\000U\000Z\000Z\000L\000E\000\040\000R\000E\000V\000I\000E\000W\000E\000D\000:\000\040\000T\000H\000E\000\040\000R\000O\000L\000E\000\040\000O\000F\000\040\000H\000O\000U\000S\000I\000N\000G\000\040\000A\000N\000D\000\040\000B\000E\000Q\000U\000E\000S\000T\000S}{}% 11
\BOOKMARK [2][-]{subsection.4.1}{\376\377\000I\000n\000t\000r\000o\000d\000u\000c\000t\000i\000o\000n}{section.4}% 12
\BOOKMARK [2][-]{subsection.4.2}{\376\377\000T\000h\000e\000\040\000r\000e\000t\000i\000r\000e\000m\000e\000n\000t\000-\000s\000a\000v\000i\000n\000g\000s\000\040\000p\000r\000o\000b\000l\000e\000m}{section.4}% 13
\BOOKMARK [2][-]{subsection.4.3}{\376\377\000H\000o\000m\000e\000\040\000e\000q\000u\000i\000t\000y\000\040\000i\000n\000\040\000r\000e\000t\000i\000r\000e\000m\000e\000n\000t}{section.4}% 14
\BOOKMARK [2][-]{subsection.4.4}{\376\377\000M\000o\000d\000e\000l\000s\000\040\000o\000f\000\040\000r\000e\000t\000i\000r\000e\000m\000e\000n\000t\000\040\000s\000a\000v\000i\000n\000g\000\040\000w\000i\000t\000h\000\040\000h\000o\000u\000s\000i\000n\000g}{section.4}% 15
\BOOKMARK [3][-]{subsubsection.4.4.1}{\376\377\000B\000e\000q\000u\000e\000s\000t\000\040\000m\000o\000t\000i\000v\000e\000s}{subsection.4.4}% 16
\BOOKMARK [2][-]{subsection.4.5}{\376\377\000G\000o\000v\000e\000r\000n\000m\000e\000n\000t\000\040\000p\000o\000l\000i\000c\000y\000\040\000t\000i\000m\000e\000l\000i\000n\000e}{section.4}% 17
\BOOKMARK [1][-]{section.5}{\376\377\000T\000h\000e\000\040\000C\000o\000s\000t\000\040\000o\000f\000\040\000A\000n\000n\000u\000i\000t\000i\000e\000s\000:\000\040\000I\000m\000p\000l\000i\000c\000a\000t\000i\000o\000n\000s\000\040\000f\000o\000r\000\040\000S\000a\000v\000i\000n\000g\000\040\000B\000e\000h\000a\000v\000i\000o\000r\000\040\000a\000n\000d\000\040\000B\000e\000q\000u\000e\000s\000t\000s}{}% 18
\BOOKMARK [1][-]{section.6}{\376\377\000A\000n\000n\000u\000i\000t\000y\000\040\000P\000r\000i\000c\000e\000s\000\040\000a\000n\000d\000\040\000S\000a\000v\000i\000n\000g\000\040\000B\000e\000h\000a\000v\000i\000o\000r\000\040\000i\000n\000\040\000t\000h\000e\000\040\000U\000n\000i\000t\000e\000d\000\040\000S\000t\000a\000t\000e\000s}{}% 19
\BOOKMARK [1][-]{section.7}{\376\377\000B\000e\000q\000u\000e\000s\000t\000\040\000m\000o\000t\000i\000v\000e\000s\000\040\000a\000n\000d\000\040\000t\000h\000e\000\040\000a\000n\000n\000u\000i\000t\000y\000\040\000p\000u\000z\000z\000l\000e}{}% 20
\BOOKMARK [1][-]{section.8}{\376\377\000P\000e\000r\000s\000o\000n\000a\000l\000\040\000n\000o\000t\000e\000s}{}% 21
\BOOKMARK [2][-]{subsection.8.1}{\376\377\000E\000L\000S\000A\000\040\000n\000o\000t\000e\000s}{section.8}% 22
\BOOKMARK [2][-]{subsection.8.2}{\376\377\0002\0000\000-\0000\0007}{section.8}% 23
\BOOKMARK [2][-]{subsection.8.3}{\376\377\0001\0004\000-\0000\0007}{section.8}% 24
\BOOKMARK [2][-]{subsection.8.4}{\376\377\0001\0002\000-\0000\0007}{section.8}% 25
\BOOKMARK [2][-]{subsection.8.5}{\376\377\0001\0001\000-\0000\0007}{section.8}% 26
\BOOKMARK [2][-]{subsection.8.6}{\376\377\0000\0008\000-\0000\0007}{section.8}% 27
\BOOKMARK [2][-]{subsection.8.7}{\376\377\0000\0006\000-\0000\0007}{section.8}% 28
\BOOKMARK [2][-]{subsection.8.8}{\376\377\0000\0004\000-\0000\0007}{section.8}% 29
\BOOKMARK [2][-]{subsection.8.9}{\376\377\0003\0000\000-\0000\0006}{section.8}% 30
\BOOKMARK [2][-]{subsection.8.10}{\376\377\0002\0008\000-\0000\0006}{section.8}% 31
\BOOKMARK [2][-]{subsection.8.11}{\376\377\0002\0007\000-\0000\0006}{section.8}% 32
\BOOKMARK [2][-]{subsection.8.12}{\376\377\0001\0009\000-\0000\0006}{section.8}% 33
\BOOKMARK [2][-]{subsection.8.13}{\376\377\0001\0008\000-\0000\0006}{section.8}% 34
\BOOKMARK [2][-]{subsection.8.14}{\376\377\0001\0006\000-\0000\0006}{section.8}% 35
\BOOKMARK [2][-]{subsection.8.15}{\376\377\0001\0003\000-\0000\0006}{section.8}% 36
